[INFO ] 2017-10-15 19:45:57,061 com.qg.AnyWork.AnyWorkApplication - Starting AnyWorkApplication on DESKTOP-UJ96RS7 with PID 11652 (D:\IdeaProjects\AnyWork\target\classes started by logan in D:\IdeaProjects\AnyWork)
[DEBUG] 2017-10-15 19:45:57,098 com.qg.AnyWork.AnyWorkApplication - Running with Spring Boot v1.5.4.RELEASE, Spring v4.3.9.RELEASE
[INFO ] 2017-10-15 19:45:57,099 com.qg.AnyWork.AnyWorkApplication - No active profile set, falling back to default profiles: default
[INFO ] 2017-10-15 19:46:16,853 com.qg.AnyWork.AnyWorkApplication - Started AnyWorkApplication in 20.968 seconds (JVM running for 27.583)
[INFO ] 2017-10-15 19:51:05,051 com.qg.AnyWork.AnyWorkApplication - Starting AnyWorkApplication on DESKTOP-UJ96RS7 with PID 11652 (D:\IdeaProjects\AnyWork\target\classes started by logan in D:\IdeaProjects\AnyWork)
[DEBUG] 2017-10-15 19:51:05,052 com.qg.AnyWork.AnyWorkApplication - Running with Spring Boot v1.5.4.RELEASE, Spring v4.3.9.RELEASE
[INFO ] 2017-10-15 19:51:05,053 com.qg.AnyWork.AnyWorkApplication - No active profile set, falling back to default profiles: default
[INFO ] 2017-10-15 19:51:11,882 com.qg.AnyWork.AnyWorkApplication - Started AnyWorkApplication in 7.588 seconds (JVM running for 322.612)
[INFO ] 2017-10-15 19:51:17,202 com.qg.AnyWork.AnyWorkApplication - Starting AnyWorkApplication on DESKTOP-UJ96RS7 with PID 11652 (D:\IdeaProjects\AnyWork\target\classes started by logan in D:\IdeaProjects\AnyWork)
[DEBUG] 2017-10-15 19:51:17,203 com.qg.AnyWork.AnyWorkApplication - Running with Spring Boot v1.5.4.RELEASE, Spring v4.3.9.RELEASE
[INFO ] 2017-10-15 19:51:17,203 com.qg.AnyWork.AnyWorkApplication - No active profile set, falling back to default profiles: default
[INFO ] 2017-10-15 19:51:23,634 com.qg.AnyWork.AnyWorkApplication - Started AnyWorkApplication in 7.452 seconds (JVM running for 334.364)
[INFO ] 2017-10-15 19:51:36,643 com.qg.AnyWork.AnyWorkApplication - Starting AnyWorkApplication on DESKTOP-UJ96RS7 with PID 1004 (D:\IdeaProjects\AnyWork\target\classes started by logan in D:\IdeaProjects\AnyWork)
[DEBUG] 2017-10-15 19:51:36,652 com.qg.AnyWork.AnyWorkApplication - Running with Spring Boot v1.5.4.RELEASE, Spring v4.3.9.RELEASE
[INFO ] 2017-10-15 19:51:36,652 com.qg.AnyWork.AnyWorkApplication - No active profile set, falling back to default profiles: default
[INFO ] 2017-10-15 19:51:52,212 com.qg.AnyWork.AnyWorkApplication - Started AnyWorkApplication in 16.61 seconds (JVM running for 20.363)
[DEBUG] 2017-10-15 19:51:58,976 com.qg.AnyWork.dao.TestDao.getUserPracticeByOrganizationId - ==>  Preparing: SELECT c.student_id, u.user_name, 0, c.socre, 0, t.testpaper_id, t.testpaper_title, t.create_time, t.ending_time, t.testpaper_score FROM test_result c , user u, testpaper t WHERE c.student_id = ? AND c.student_id = u.user_id AND t.organization_id = ? AND c.test_paper_id = t.testpaper_id And t.testpaper_type = 0 
[DEBUG] 2017-10-15 19:51:59,598 com.qg.AnyWork.dao.TestDao.getUserPracticeByOrganizationId - ==> Parameters: 5(Integer), 1(Integer)
[DEBUG] 2017-10-15 19:51:59,635 com.qg.AnyWork.dao.TestDao.getUserPracticeByOrganizationId - <==      Total: 1
[DEBUG] 2017-10-15 19:51:59,638 com.qg.AnyWork.dao.TestDao.getPracticeByOrganizationId - ==>  Preparing: SELECT t.testpaper_id,t.testpaper_title,t.author_id,t.create_time,t.ending_time,t.chapter_id,c.chapter_name,t.testpaper_score,t.testpaper_type,t.organization_id FROM testpaper t, chapter c WHERE t.organization_id = ? AND t.testpaper_type = 0 AND c.chapter_id = t.chapter_id 
[DEBUG] 2017-10-15 19:51:59,640 com.qg.AnyWork.dao.TestDao.getPracticeByOrganizationId - ==> Parameters: 1(Integer)
[DEBUG] 2017-10-15 19:51:59,670 com.qg.AnyWork.dao.TestDao.getPracticeByOrganizationId - <==      Total: 6
[DEBUG] 2017-10-15 19:51:59,672 com.qg.AnyWork.dao.UserDao.selectById - ==>  Preparing: SELECT * FROM user WHERE user_id = ? 
[DEBUG] 2017-10-15 19:51:59,674 com.qg.AnyWork.dao.UserDao.selectById - ==> Parameters: 5(Integer)
[DEBUG] 2017-10-15 19:51:59,677 com.qg.AnyWork.dao.UserDao.selectById - <==      Total: 1
[DEBUG] 2017-10-15 19:51:59,679 com.qg.AnyWork.dao.UserDao.selectById - ==>  Preparing: SELECT * FROM user WHERE user_id = ? 
[DEBUG] 2017-10-15 19:51:59,679 com.qg.AnyWork.dao.UserDao.selectById - ==> Parameters: 5(Integer)
[DEBUG] 2017-10-15 19:51:59,682 com.qg.AnyWork.dao.UserDao.selectById - <==      Total: 1
[DEBUG] 2017-10-15 19:51:59,683 com.qg.AnyWork.dao.UserDao.selectById - ==>  Preparing: SELECT * FROM user WHERE user_id = ? 
[DEBUG] 2017-10-15 19:51:59,683 com.qg.AnyWork.dao.UserDao.selectById - ==> Parameters: 5(Integer)
[DEBUG] 2017-10-15 19:51:59,685 com.qg.AnyWork.dao.UserDao.selectById - <==      Total: 1
[DEBUG] 2017-10-15 19:51:59,686 com.qg.AnyWork.dao.UserDao.selectById - ==>  Preparing: SELECT * FROM user WHERE user_id = ? 
[DEBUG] 2017-10-15 19:51:59,687 com.qg.AnyWork.dao.UserDao.selectById - ==> Parameters: 5(Integer)
[DEBUG] 2017-10-15 19:51:59,689 com.qg.AnyWork.dao.UserDao.selectById - <==      Total: 1
[DEBUG] 2017-10-15 19:51:59,691 com.qg.AnyWork.dao.UserDao.selectById - ==>  Preparing: SELECT * FROM user WHERE user_id = ? 
[DEBUG] 2017-10-15 19:51:59,691 com.qg.AnyWork.dao.UserDao.selectById - ==> Parameters: 5(Integer)
[DEBUG] 2017-10-15 19:51:59,692 com.qg.AnyWork.dao.UserDao.selectById - <==      Total: 1
[DEBUG] 2017-10-15 19:53:22,160 com.qg.AnyWork.dao.TestDao.getUserPracticeByOrganizationId - ==>  Preparing: SELECT c.student_id, u.user_name, 0, c.socre, 0, t.testpaper_id, t.testpaper_title, t.create_time, t.ending_time, t.testpaper_score FROM test_result c , user u, testpaper t WHERE c.student_id = ? AND c.student_id = u.user_id AND t.organization_id = ? AND c.test_paper_id = t.testpaper_id And t.testpaper_type = 0 
[DEBUG] 2017-10-15 19:53:22,161 com.qg.AnyWork.dao.TestDao.getUserPracticeByOrganizationId - ==> Parameters: 5(Integer), 1(Integer)
[DEBUG] 2017-10-15 19:53:22,164 com.qg.AnyWork.dao.TestDao.getUserPracticeByOrganizationId - <==      Total: 1
[DEBUG] 2017-10-15 19:53:22,165 com.qg.AnyWork.dao.TestDao.getPracticeByOrganizationId - ==>  Preparing: SELECT t.testpaper_id,t.testpaper_title,t.author_id,t.create_time,t.ending_time,t.chapter_id,c.chapter_name,t.testpaper_score,t.testpaper_type,t.organization_id FROM testpaper t, chapter c WHERE t.organization_id = ? AND t.testpaper_type = 0 AND c.chapter_id = t.chapter_id 
[DEBUG] 2017-10-15 19:53:22,166 com.qg.AnyWork.dao.TestDao.getPracticeByOrganizationId - ==> Parameters: 1(Integer)
[DEBUG] 2017-10-15 19:53:22,177 com.qg.AnyWork.dao.TestDao.getPracticeByOrganizationId - <==      Total: 6
[DEBUG] 2017-10-15 19:53:22,178 com.qg.AnyWork.dao.UserDao.selectById - ==>  Preparing: SELECT * FROM user WHERE user_id = ? 
[DEBUG] 2017-10-15 19:53:22,179 com.qg.AnyWork.dao.UserDao.selectById - ==> Parameters: 5(Integer)
[DEBUG] 2017-10-15 19:53:22,181 com.qg.AnyWork.dao.UserDao.selectById - <==      Total: 1
[DEBUG] 2017-10-15 19:53:22,210 com.qg.AnyWork.dao.UserDao.selectById - ==>  Preparing: SELECT * FROM user WHERE user_id = ? 
[DEBUG] 2017-10-15 19:53:22,210 com.qg.AnyWork.dao.UserDao.selectById - ==> Parameters: 5(Integer)
[DEBUG] 2017-10-15 19:53:22,212 com.qg.AnyWork.dao.UserDao.selectById - <==      Total: 1
[DEBUG] 2017-10-15 19:53:22,213 com.qg.AnyWork.dao.UserDao.selectById - ==>  Preparing: SELECT * FROM user WHERE user_id = ? 
[DEBUG] 2017-10-15 19:53:22,213 com.qg.AnyWork.dao.UserDao.selectById - ==> Parameters: 5(Integer)
[DEBUG] 2017-10-15 19:53:22,215 com.qg.AnyWork.dao.UserDao.selectById - <==      Total: 1
[DEBUG] 2017-10-15 19:53:22,220 com.qg.AnyWork.dao.UserDao.selectById - ==>  Preparing: SELECT * FROM user WHERE user_id = ? 
[DEBUG] 2017-10-15 19:53:22,220 com.qg.AnyWork.dao.UserDao.selectById - ==> Parameters: 5(Integer)
[DEBUG] 2017-10-15 19:53:22,222 com.qg.AnyWork.dao.UserDao.selectById - <==      Total: 1
[DEBUG] 2017-10-15 19:53:22,223 com.qg.AnyWork.dao.UserDao.selectById - ==>  Preparing: SELECT * FROM user WHERE user_id = ? 
[DEBUG] 2017-10-15 19:53:22,224 com.qg.AnyWork.dao.UserDao.selectById - ==> Parameters: 5(Integer)
[DEBUG] 2017-10-15 19:53:22,225 com.qg.AnyWork.dao.UserDao.selectById - <==      Total: 1
[DEBUG] 2017-10-15 19:53:26,932 com.qg.AnyWork.dao.TestDao.getUserPracticeByOrganizationId - ==>  Preparing: SELECT c.student_id, u.user_name, 0, c.socre, 0, t.testpaper_id, t.testpaper_title, t.create_time, t.ending_time, t.testpaper_score FROM test_result c , user u, testpaper t WHERE c.student_id = ? AND c.student_id = u.user_id AND t.organization_id = ? AND c.test_paper_id = t.testpaper_id And t.testpaper_type = 0 
[DEBUG] 2017-10-15 19:53:26,932 com.qg.AnyWork.dao.TestDao.getUserPracticeByOrganizationId - ==> Parameters: 5(Integer), 1(Integer)
[DEBUG] 2017-10-15 19:53:26,935 com.qg.AnyWork.dao.TestDao.getUserPracticeByOrganizationId - <==      Total: 1
[DEBUG] 2017-10-15 19:53:26,936 com.qg.AnyWork.dao.TestDao.getPracticeByOrganizationId - ==>  Preparing: SELECT t.testpaper_id,t.testpaper_title,t.author_id,t.create_time,t.ending_time,t.chapter_id,c.chapter_name,t.testpaper_score,t.testpaper_type,t.organization_id FROM testpaper t, chapter c WHERE t.organization_id = ? AND t.testpaper_type = 0 AND c.chapter_id = t.chapter_id 
[DEBUG] 2017-10-15 19:53:26,937 com.qg.AnyWork.dao.TestDao.getPracticeByOrganizationId - ==> Parameters: 1(Integer)
[DEBUG] 2017-10-15 19:53:26,949 com.qg.AnyWork.dao.TestDao.getPracticeByOrganizationId - <==      Total: 6
[DEBUG] 2017-10-15 19:53:26,952 com.qg.AnyWork.dao.UserDao.selectById - ==>  Preparing: SELECT * FROM user WHERE user_id = ? 
[DEBUG] 2017-10-15 19:53:26,952 com.qg.AnyWork.dao.UserDao.selectById - ==> Parameters: 5(Integer)
[DEBUG] 2017-10-15 19:53:26,953 com.qg.AnyWork.dao.UserDao.selectById - <==      Total: 1
[DEBUG] 2017-10-15 19:53:26,955 com.qg.AnyWork.dao.UserDao.selectById - ==>  Preparing: SELECT * FROM user WHERE user_id = ? 
[DEBUG] 2017-10-15 19:53:26,955 com.qg.AnyWork.dao.UserDao.selectById - ==> Parameters: 5(Integer)
[DEBUG] 2017-10-15 19:53:26,957 com.qg.AnyWork.dao.UserDao.selectById - <==      Total: 1
[DEBUG] 2017-10-15 19:53:26,958 com.qg.AnyWork.dao.UserDao.selectById - ==>  Preparing: SELECT * FROM user WHERE user_id = ? 
[DEBUG] 2017-10-15 19:53:26,958 com.qg.AnyWork.dao.UserDao.selectById - ==> Parameters: 5(Integer)
[DEBUG] 2017-10-15 19:53:26,960 com.qg.AnyWork.dao.UserDao.selectById - <==      Total: 1
[DEBUG] 2017-10-15 19:53:26,961 com.qg.AnyWork.dao.UserDao.selectById - ==>  Preparing: SELECT * FROM user WHERE user_id = ? 
[DEBUG] 2017-10-15 19:53:26,961 com.qg.AnyWork.dao.UserDao.selectById - ==> Parameters: 5(Integer)
[DEBUG] 2017-10-15 19:53:26,962 com.qg.AnyWork.dao.UserDao.selectById - <==      Total: 1
[DEBUG] 2017-10-15 19:53:26,963 com.qg.AnyWork.dao.UserDao.selectById - ==>  Preparing: SELECT * FROM user WHERE user_id = ? 
[DEBUG] 2017-10-15 19:53:26,963 com.qg.AnyWork.dao.UserDao.selectById - ==> Parameters: 5(Integer)
[DEBUG] 2017-10-15 19:53:26,965 com.qg.AnyWork.dao.UserDao.selectById - <==      Total: 1
[DEBUG] 2017-10-15 19:54:46,928 com.qg.AnyWork.dao.TestDao.getUserPracticeByOrganizationId - ==>  Preparing: SELECT c.student_id, u.user_name, 0, c.socre, 0, t.testpaper_id, t.testpaper_title, t.create_time, t.ending_time, t.testpaper_score FROM test_result c , user u, testpaper t WHERE c.student_id = ? AND c.student_id = u.user_id AND t.organization_id = ? AND c.test_paper_id = t.testpaper_id And t.testpaper_type = 0 
[DEBUG] 2017-10-15 19:54:46,928 com.qg.AnyWork.dao.TestDao.getUserPracticeByOrganizationId - ==> Parameters: 5(Integer), 1(Integer)
[DEBUG] 2017-10-15 19:54:46,933 com.qg.AnyWork.dao.TestDao.getUserPracticeByOrganizationId - <==      Total: 2
[DEBUG] 2017-10-15 19:54:46,934 com.qg.AnyWork.dao.TestDao.getPracticeByOrganizationId - ==>  Preparing: SELECT t.testpaper_id,t.testpaper_title,t.author_id,t.create_time,t.ending_time,t.chapter_id,c.chapter_name,t.testpaper_score,t.testpaper_type,t.organization_id FROM testpaper t, chapter c WHERE t.organization_id = ? AND t.testpaper_type = 0 AND c.chapter_id = t.chapter_id 
[DEBUG] 2017-10-15 19:54:46,935 com.qg.AnyWork.dao.TestDao.getPracticeByOrganizationId - ==> Parameters: 1(Integer)
[DEBUG] 2017-10-15 19:54:46,939 com.qg.AnyWork.dao.TestDao.getPracticeByOrganizationId - <==      Total: 6
[DEBUG] 2017-10-15 19:54:46,941 com.qg.AnyWork.dao.UserDao.selectById - ==>  Preparing: SELECT * FROM user WHERE user_id = ? 
[DEBUG] 2017-10-15 19:54:46,942 com.qg.AnyWork.dao.UserDao.selectById - ==> Parameters: 5(Integer)
[DEBUG] 2017-10-15 19:54:46,945 com.qg.AnyWork.dao.UserDao.selectById - <==      Total: 1
[DEBUG] 2017-10-15 19:54:46,946 com.qg.AnyWork.dao.UserDao.selectById - ==>  Preparing: SELECT * FROM user WHERE user_id = ? 
[DEBUG] 2017-10-15 19:54:46,946 com.qg.AnyWork.dao.UserDao.selectById - ==> Parameters: 5(Integer)
[DEBUG] 2017-10-15 19:54:46,948 com.qg.AnyWork.dao.UserDao.selectById - <==      Total: 1
[DEBUG] 2017-10-15 19:54:46,949 com.qg.AnyWork.dao.UserDao.selectById - ==>  Preparing: SELECT * FROM user WHERE user_id = ? 
[DEBUG] 2017-10-15 19:54:46,949 com.qg.AnyWork.dao.UserDao.selectById - ==> Parameters: 5(Integer)
[DEBUG] 2017-10-15 19:54:46,950 com.qg.AnyWork.dao.UserDao.selectById - <==      Total: 1
[DEBUG] 2017-10-15 19:54:46,951 com.qg.AnyWork.dao.UserDao.selectById - ==>  Preparing: SELECT * FROM user WHERE user_id = ? 
[DEBUG] 2017-10-15 19:54:46,951 com.qg.AnyWork.dao.UserDao.selectById - ==> Parameters: 5(Integer)
[DEBUG] 2017-10-15 19:54:46,953 com.qg.AnyWork.dao.UserDao.selectById - <==      Total: 1
[DEBUG] 2017-10-15 19:54:46,954 com.qg.AnyWork.dao.UserDao.selectById - ==>  Preparing: SELECT * FROM user WHERE user_id = ? 
[DEBUG] 2017-10-15 19:54:46,954 com.qg.AnyWork.dao.UserDao.selectById - ==> Parameters: 5(Integer)
[DEBUG] 2017-10-15 19:54:46,957 com.qg.AnyWork.dao.UserDao.selectById - <==      Total: 1
[INFO ] 2017-10-15 19:59:39,743 com.qg.AnyWork.AnyWorkApplication - Starting AnyWorkApplication on DESKTOP-UJ96RS7 with PID 1004 (D:\IdeaProjects\AnyWork\target\classes started by logan in D:\IdeaProjects\AnyWork)
[DEBUG] 2017-10-15 19:59:39,744 com.qg.AnyWork.AnyWorkApplication - Running with Spring Boot v1.5.4.RELEASE, Spring v4.3.9.RELEASE
[INFO ] 2017-10-15 19:59:39,744 com.qg.AnyWork.AnyWorkApplication - No active profile set, falling back to default profiles: default
[INFO ] 2017-10-15 19:59:47,165 com.qg.AnyWork.AnyWorkApplication - Starting AnyWorkApplication on DESKTOP-UJ96RS7 with PID 1004 (D:\IdeaProjects\AnyWork\target\classes started by logan in D:\IdeaProjects\AnyWork)
[DEBUG] 2017-10-15 19:59:47,165 com.qg.AnyWork.AnyWorkApplication - Running with Spring Boot v1.5.4.RELEASE, Spring v4.3.9.RELEASE
[INFO ] 2017-10-15 19:59:47,165 com.qg.AnyWork.AnyWorkApplication - No active profile set, falling back to default profiles: default
[INFO ] 2017-10-15 19:59:51,959 com.qg.AnyWork.AnyWorkApplication - Started AnyWorkApplication in 5.039 seconds (JVM running for 500.11)
[INFO ] 2017-10-15 20:00:12,545 com.qg.AnyWork.AnyWorkApplication - Starting AnyWorkApplication on DESKTOP-UJ96RS7 with PID 1004 (D:\IdeaProjects\AnyWork\target\classes started by logan in D:\IdeaProjects\AnyWork)
[DEBUG] 2017-10-15 20:00:12,546 com.qg.AnyWork.AnyWorkApplication - Running with Spring Boot v1.5.4.RELEASE, Spring v4.3.9.RELEASE
[INFO ] 2017-10-15 20:00:12,546 com.qg.AnyWork.AnyWorkApplication - No active profile set, falling back to default profiles: default
[INFO ] 2017-10-15 20:00:18,554 com.qg.AnyWork.AnyWorkApplication - Started AnyWorkApplication in 6.196 seconds (JVM running for 526.705)
[INFO ] 2017-10-15 20:00:28,612 com.qg.AnyWork.AnyWorkApplication - Starting AnyWorkApplication on DESKTOP-UJ96RS7 with PID 12240 (D:\IdeaProjects\AnyWork\target\classes started by logan in D:\IdeaProjects\AnyWork)
[DEBUG] 2017-10-15 20:00:28,622 com.qg.AnyWork.AnyWorkApplication - Running with Spring Boot v1.5.4.RELEASE, Spring v4.3.9.RELEASE
[INFO ] 2017-10-15 20:00:28,622 com.qg.AnyWork.AnyWorkApplication - No active profile set, falling back to default profiles: default
[INFO ] 2017-10-15 20:00:44,665 com.qg.AnyWork.AnyWorkApplication - Started AnyWorkApplication in 17.229 seconds (JVM running for 20.89)
[DEBUG] 2017-10-15 20:00:51,056 com.qg.AnyWork.dao.TestDao.getUserPracticeByOrganizationId - ==>  Preparing: SELECT c.student_id, u.user_name, 0, c.socre, 0, t.testpaper_id, t.testpaper_title, t.create_time, t.ending_time, t.testpaper_score FROM test_result c , user u, testpaper t WHERE c.student_id = ? AND c.student_id = u.user_id AND t.organization_id = ? AND c.test_paper_id = t.testpaper_id And t.testpaper_type = 0 
[DEBUG] 2017-10-15 20:00:51,759 com.qg.AnyWork.dao.TestDao.getUserPracticeByOrganizationId - ==> Parameters: 5(Integer), 1(Integer)
[DEBUG] 2017-10-15 20:00:51,797 com.qg.AnyWork.dao.TestDao.getUserPracticeByOrganizationId - <==      Total: 2
[DEBUG] 2017-10-15 20:00:51,801 com.qg.AnyWork.dao.TestDao.getPracticeByOrganizationId - ==>  Preparing: SELECT t.testpaper_id,t.testpaper_title,t.author_id,t.create_time,t.ending_time,t.chapter_id,c.chapter_name,t.testpaper_score,t.testpaper_type,t.organization_id FROM testpaper t, chapter c WHERE t.organization_id = ? AND t.testpaper_type = 0 AND c.chapter_id = t.chapter_id 
[DEBUG] 2017-10-15 20:00:51,805 com.qg.AnyWork.dao.TestDao.getPracticeByOrganizationId - ==> Parameters: 1(Integer)
[DEBUG] 2017-10-15 20:00:51,822 com.qg.AnyWork.dao.TestDao.getPracticeByOrganizationId - <==      Total: 6
[DEBUG] 2017-10-15 20:00:51,824 com.qg.AnyWork.dao.UserDao.selectById - ==>  Preparing: SELECT * FROM user WHERE user_id = ? 
[DEBUG] 2017-10-15 20:00:51,826 com.qg.AnyWork.dao.UserDao.selectById - ==> Parameters: 5(Integer)
[DEBUG] 2017-10-15 20:00:51,828 com.qg.AnyWork.dao.UserDao.selectById - <==      Total: 1
[DEBUG] 2017-10-15 20:00:51,829 com.qg.AnyWork.dao.UserDao.selectById - ==>  Preparing: SELECT * FROM user WHERE user_id = ? 
[DEBUG] 2017-10-15 20:00:51,831 com.qg.AnyWork.dao.UserDao.selectById - ==> Parameters: 5(Integer)
[DEBUG] 2017-10-15 20:00:51,834 com.qg.AnyWork.dao.UserDao.selectById - <==      Total: 1
[DEBUG] 2017-10-15 20:00:51,836 com.qg.AnyWork.dao.UserDao.selectById - ==>  Preparing: SELECT * FROM user WHERE user_id = ? 
[DEBUG] 2017-10-15 20:00:51,836 com.qg.AnyWork.dao.UserDao.selectById - ==> Parameters: 5(Integer)
[DEBUG] 2017-10-15 20:00:51,838 com.qg.AnyWork.dao.UserDao.selectById - <==      Total: 1
[DEBUG] 2017-10-15 20:00:51,844 com.qg.AnyWork.dao.UserDao.selectById - ==>  Preparing: SELECT * FROM user WHERE user_id = ? 
[DEBUG] 2017-10-15 20:00:51,844 com.qg.AnyWork.dao.UserDao.selectById - ==> Parameters: 5(Integer)
[DEBUG] 2017-10-15 20:00:51,846 com.qg.AnyWork.dao.UserDao.selectById - <==      Total: 1
